[ 2017-01-30T15:40:20+08:00 ] 127.0.0.1 /index.php/Admin/User/index.html
ERR: 模板不存在:./Application/Admin/View/User/data.html

[ 2017-01-30T15:52:34+08:00 ] 127.0.0.1 /index.php/Admin/User/index.html
ERR: Think\Model:filed方法不存在！

[ 2017-01-30T22:03:29+08:00 ] 127.0.0.1 /index.php/Admin/User/del
INFO: [ app_begin ] --START--
INFO: Run Behavior\ReadHtmlCacheBehavior [ RunTime:0.000977s ]
INFO: [ app_begin ] --END-- [ RunTime:0.001596s ]
ERR: 非法操作:del

[ 2017-01-30T22:03:31+08:00 ] 127.0.0.1 /index.php/Admin/User/del
INFO: [ app_begin ] --START--
INFO: Run Behavior\ReadHtmlCacheBehavior [ RunTime:0.000938s ]
INFO: [ app_begin ] --END-- [ RunTime:0.001553s ]
ERR: 非法操作:del

[ 2017-01-30T22:03:35+08:00 ] 127.0.0.1 /index.php/Admin/User/del
INFO: [ app_begin ] --START--
INFO: Run Behavior\ReadHtmlCacheBehavior [ RunTime:0.000739s ]
INFO: [ app_begin ] --END-- [ RunTime:0.001254s ]
ERR: 非法操作:del

[ 2017-01-30T22:03:35+08:00 ] 127.0.0.1 /index.php/Admin/User/del
INFO: [ app_begin ] --START--
INFO: Run Behavior\ReadHtmlCacheBehavior [ RunTime:0.000589s ]
INFO: [ app_begin ] --END-- [ RunTime:0.001214s ]
ERR: 非法操作:del

[ 2017-01-30T22:03:35+08:00 ] 127.0.0.1 /index.php/Admin/User/del
INFO: [ app_begin ] --START--
INFO: Run Behavior\ReadHtmlCacheBehavior [ RunTime:0.001026s ]
INFO: [ app_begin ] --END-- [ RunTime:0.001685s ]
ERR: 非法操作:del

[ 2017-01-30T22:03:35+08:00 ] 127.0.0.1 /index.php/Admin/User/del
INFO: [ app_begin ] --START--
INFO: Run Behavior\ReadHtmlCacheBehavior [ RunTime:0.001142s ]
INFO: [ app_begin ] --END-- [ RunTime:0.001949s ]
ERR: 非法操作:del

[ 2017-01-30T22:03:44+08:00 ] 127.0.0.1 /index.php/Admin/User/del
INFO: [ app_begin ] --START--
INFO: Run Behavior\ReadHtmlCacheBehavior [ RunTime:0.001006s ]
INFO: [ app_begin ] --END-- [ RunTime:0.001701s ]
ERR: 非法操作:del

[ 2017-01-30T22:03:52+08:00 ] 127.0.0.1 /index.php/Admin/User/del
INFO: [ app_begin ] --START--
INFO: Run Behavior\ReadHtmlCacheBehavior [ RunTime:0.000669s ]
INFO: [ app_begin ] --END-- [ RunTime:0.001124s ]
ERR: 非法操作:del

[ 2017-01-30T22:03:53+08:00 ] 127.0.0.1 /index.php/Admin/User/del
INFO: [ app_begin ] --START--
INFO: Run Behavior\ReadHtmlCacheBehavior [ RunTime:0.000707s ]
INFO: [ app_begin ] --END-- [ RunTime:0.001326s ]
ERR: 非法操作:del

[ 2017-01-30T22:03:53+08:00 ] 127.0.0.1 /index.php/Admin/User/del
INFO: [ app_begin ] --START--
INFO: Run Behavior\ReadHtmlCacheBehavior [ RunTime:0.000623s ]
INFO: [ app_begin ] --END-- [ RunTime:0.001144s ]
ERR: 非法操作:del

[ 2017-01-30T22:03:53+08:00 ] 127.0.0.1 /index.php/Admin/User/del
INFO: [ app_begin ] --START--
INFO: Run Behavior\ReadHtmlCacheBehavior [ RunTime:0.000683s ]
INFO: [ app_begin ] --END-- [ RunTime:0.001161s ]
ERR: 非法操作:del

[ 2017-01-30T22:03:54+08:00 ] 127.0.0.1 /index.php/Admin/User/del
INFO: [ app_begin ] --START--
INFO: Run Behavior\ReadHtmlCacheBehavior [ RunTime:0.000729s ]
INFO: [ app_begin ] --END-- [ RunTime:0.001271s ]
ERR: 非法操作:del

[ 2017-01-30T22:03:54+08:00 ] 127.0.0.1 /index.php/Admin/User/del
INFO: [ app_begin ] --START--
INFO: Run Behavior\ReadHtmlCacheBehavior [ RunTime:0.000627s ]
INFO: [ app_begin ] --END-- [ RunTime:0.001033s ]
ERR: 非法操作:del

[ 2017-01-30T22:03:54+08:00 ] 127.0.0.1 /index.php/Admin/User/del
INFO: [ app_begin ] --START--
INFO: Run Behavior\ReadHtmlCacheBehavior [ RunTime:0.000637s ]
INFO: [ app_begin ] --END-- [ RunTime:0.001093s ]
ERR: 非法操作:del

[ 2017-01-30T22:03:54+08:00 ] 127.0.0.1 /index.php/Admin/User/del
INFO: [ app_begin ] --START--
INFO: Run Behavior\ReadHtmlCacheBehavior [ RunTime:0.000681s ]
INFO: [ app_begin ] --END-- [ RunTime:0.001280s ]
ERR: 非法操作:del

[ 2017-01-30T22:03:54+08:00 ] 127.0.0.1 /index.php/Admin/User/del
INFO: [ app_begin ] --START--
INFO: Run Behavior\ReadHtmlCacheBehavior [ RunTime:0.000736s ]
INFO: [ app_begin ] --END-- [ RunTime:0.001331s ]
ERR: 非法操作:del

[ 2017-01-30T22:03:54+08:00 ] 127.0.0.1 /index.php/Admin/User/del
INFO: [ app_begin ] --START--
INFO: Run Behavior\ReadHtmlCacheBehavior [ RunTime:0.000737s ]
INFO: [ app_begin ] --END-- [ RunTime:0.001198s ]
ERR: 非法操作:del

[ 2017-01-30T22:03:54+08:00 ] 127.0.0.1 /index.php/Admin/User/del
INFO: [ app_begin ] --START--
INFO: Run Behavior\ReadHtmlCacheBehavior [ RunTime:0.000611s ]
INFO: [ app_begin ] --END-- [ RunTime:0.001026s ]
ERR: 非法操作:del

[ 2017-01-30T22:03:55+08:00 ] 127.0.0.1 /index.php/Admin/User/del
INFO: [ app_begin ] --START--
INFO: Run Behavior\ReadHtmlCacheBehavior [ RunTime:0.000855s ]
INFO: [ app_begin ] --END-- [ RunTime:0.001455s ]
ERR: 非法操作:del

[ 2017-01-30T22:03:55+08:00 ] 127.0.0.1 /index.php/Admin/User/del
INFO: [ app_begin ] --START--
INFO: Run Behavior\ReadHtmlCacheBehavior [ RunTime:0.000739s ]
INFO: [ app_begin ] --END-- [ RunTime:0.001281s ]
ERR: 非法操作:del

[ 2017-01-30T22:03:55+08:00 ] 127.0.0.1 /index.php/Admin/User/del
INFO: [ app_begin ] --START--
INFO: Run Behavior\ReadHtmlCacheBehavior [ RunTime:0.000842s ]
INFO: [ app_begin ] --END-- [ RunTime:0.001464s ]
ERR: 非法操作:del

[ 2017-01-30T22:05:32+08:00 ] 127.0.0.1 /index.php/Admin/User/del
INFO: [ app_begin ] --START--
INFO: Run Behavior\ReadHtmlCacheBehavior [ RunTime:0.000604s ]
INFO: [ app_begin ] --END-- [ RunTime:0.001048s ]
ERR: 非法操作:del

[ 2017-01-30T22:07:10+08:00 ] 127.0.0.1 /index.php/Admin/User/del?id=24&photo=
INFO: [ app_begin ] --START--
INFO: Run Behavior\ReadHtmlCacheBehavior [ RunTime:0.000625s ]
INFO: [ app_begin ] --END-- [ RunTime:0.001041s ]
ERR: 非法操作:del

[ 2017-01-30T22:07:12+08:00 ] 127.0.0.1 /index.php/Admin/User/del?id=24&photo=
INFO: [ app_begin ] --START--
INFO: Run Behavior\ReadHtmlCacheBehavior [ RunTime:0.001071s ]
INFO: [ app_begin ] --END-- [ RunTime:0.001775s ]
ERR: 非法操作:del

[ 2017-01-30T22:07:12+08:00 ] 127.0.0.1 /index.php/Admin/User/del?id=24&photo=
INFO: [ app_begin ] --START--
INFO: Run Behavior\ReadHtmlCacheBehavior [ RunTime:0.001183s ]
INFO: [ app_begin ] --END-- [ RunTime:0.002009s ]
ERR: 非法操作:del

[ 2017-01-30T22:07:12+08:00 ] 127.0.0.1 /index.php/Admin/User/del?id=24&photo=
INFO: [ app_begin ] --START--
INFO: Run Behavior\ReadHtmlCacheBehavior [ RunTime:0.000954s ]
INFO: [ app_begin ] --END-- [ RunTime:0.001610s ]
ERR: 非法操作:del

[ 2017-01-30T22:07:12+08:00 ] 127.0.0.1 /index.php/Admin/User/del?id=24&photo=
INFO: [ app_begin ] --START--
INFO: Run Behavior\ReadHtmlCacheBehavior [ RunTime:0.000597s ]
INFO: [ app_begin ] --END-- [ RunTime:0.001014s ]
ERR: 非法操作:del

[ 2017-01-30T22:07:13+08:00 ] 127.0.0.1 /index.php/Admin/User/del?id=24&photo=
INFO: [ app_begin ] --START--
INFO: Run Behavior\ReadHtmlCacheBehavior [ RunTime:0.000867s ]
INFO: [ app_begin ] --END-- [ RunTime:0.001464s ]
ERR: 非法操作:del

[ 2017-01-30T22:07:13+08:00 ] 127.0.0.1 /index.php/Admin/User/del?id=24&photo=
INFO: [ app_begin ] --START--
INFO: Run Behavior\ReadHtmlCacheBehavior [ RunTime:0.000769s ]
INFO: [ app_begin ] --END-- [ RunTime:0.001314s ]
ERR: 非法操作:del

[ 2017-01-30T22:12:40+08:00 ] 127.0.0.1 /index.php/Admin/User/del?id=27&photo=2017-01-30%2F588f43983284c.gif%2C2017-01-30%2Fthumb_588f43983284c.gif
INFO: [ app_begin ] --START--
INFO: Run Behavior\ReadHtmlCacheBehavior [ RunTime:0.000786s ]
INFO: [ app_begin ] --END-- [ RunTime:0.001270s ]
INFO: [ app_end ] --START--
INFO: Run Behavior\ShowPageTraceBehavior [ RunTime:0.000724s ]
INFO: [ app_end ] --END-- [ RunTime:0.000771s ]

[ 2017-01-30T22:20:39+08:00 ] 127.0.0.1 /index.php/Admin/User/del?id=24&photo=
INFO: [ app_begin ] --START--
INFO: Run Behavior\ReadHtmlCacheBehavior [ RunTime:0.000710s ]
INFO: [ app_begin ] --END-- [ RunTime:0.001237s ]
INFO: [ app_end ] --START--
INFO: Run Behavior\ShowPageTraceBehavior [ RunTime:0.000683s ]
INFO: [ app_end ] --END-- [ RunTime:0.000724s ]

[ 2017-01-30T22:20:41+08:00 ] 127.0.0.1 /index.php/Admin/User/del?id=24&photo=
INFO: [ app_begin ] --START--
INFO: Run Behavior\ReadHtmlCacheBehavior [ RunTime:0.001075s ]
INFO: [ app_begin ] --END-- [ RunTime:0.001840s ]
INFO: [ app_end ] --START--
INFO: Run Behavior\ShowPageTraceBehavior [ RunTime:0.001002s ]
INFO: [ app_end ] --END-- [ RunTime:0.001069s ]

[ 2017-01-30T22:20:42+08:00 ] 127.0.0.1 /index.php/Admin/User/del?id=24&photo=
INFO: [ app_begin ] --START--
INFO: Run Behavior\ReadHtmlCacheBehavior [ RunTime:0.001239s ]
INFO: [ app_begin ] --END-- [ RunTime:0.002135s ]
INFO: [ app_end ] --START--
INFO: Run Behavior\ShowPageTraceBehavior [ RunTime:0.000712s ]
INFO: [ app_end ] --END-- [ RunTime:0.000763s ]

[ 2017-01-30T22:20:42+08:00 ] 127.0.0.1 /index.php/Admin/User/del?id=24&photo=
INFO: [ app_begin ] --START--
INFO: Run Behavior\ReadHtmlCacheBehavior [ RunTime:0.001042s ]
INFO: [ app_begin ] --END-- [ RunTime:0.001761s ]
INFO: [ app_end ] --START--
INFO: Run Behavior\ShowPageTraceBehavior [ RunTime:0.001033s ]
INFO: [ app_end ] --END-- [ RunTime:0.001104s ]

[ 2017-01-30T22:20:43+08:00 ] 127.0.0.1 /index.php/Admin/User/del?id=24&photo=
INFO: [ app_begin ] --START--
INFO: Run Behavior\ReadHtmlCacheBehavior [ RunTime:0.001239s ]
INFO: [ app_begin ] --END-- [ RunTime:0.002120s ]
INFO: [ app_end ] --START--
INFO: Run Behavior\ShowPageTraceBehavior [ RunTime:0.000963s ]
INFO: [ app_end ] --END-- [ RunTime:0.001029s ]

[ 2017-01-30T22:20:43+08:00 ] 127.0.0.1 /index.php/Admin/User/del?id=24&photo=
INFO: [ app_begin ] --START--
INFO: Run Behavior\ReadHtmlCacheBehavior [ RunTime:0.000669s ]
INFO: [ app_begin ] --END-- [ RunTime:0.001154s ]
INFO: [ app_end ] --START--
INFO: Run Behavior\ShowPageTraceBehavior [ RunTime:0.000586s ]
INFO: [ app_end ] --END-- [ RunTime:0.000629s ]

[ 2017-01-30T22:20:43+08:00 ] 127.0.0.1 /index.php/Admin/User/del?id=24&photo=
INFO: [ app_begin ] --START--
INFO: Run Behavior\ReadHtmlCacheBehavior [ RunTime:0.001037s ]
INFO: [ app_begin ] --END-- [ RunTime:0.001876s ]
INFO: [ app_end ] --START--
INFO: Run Behavior\ShowPageTraceBehavior [ RunTime:0.000609s ]
INFO: [ app_end ] --END-- [ RunTime:0.000650s ]

[ 2017-01-30T22:20:43+08:00 ] 127.0.0.1 /index.php/Admin/User/del?id=24&photo=
INFO: [ app_begin ] --START--
INFO: Run Behavior\ReadHtmlCacheBehavior [ RunTime:0.000791s ]
INFO: [ app_begin ] --END-- [ RunTime:0.001437s ]
INFO: [ app_end ] --START--
INFO: Run Behavior\ShowPageTraceBehavior [ RunTime:0.000999s ]
INFO: [ app_end ] --END-- [ RunTime:0.001076s ]

[ 2017-01-30T22:20:43+08:00 ] 127.0.0.1 /index.php/Admin/User/del?id=24&photo=
INFO: [ app_begin ] --START--
INFO: Run Behavior\ReadHtmlCacheBehavior [ RunTime:0.001917s ]
INFO: [ app_begin ] --END-- [ RunTime:0.002631s ]
INFO: [ app_end ] --START--
INFO: Run Behavior\ShowPageTraceBehavior [ RunTime:0.001044s ]
INFO: [ app_end ] --END-- [ RunTime:0.001118s ]

[ 2017-01-30T22:20:46+08:00 ] 127.0.0.1 /index.php/Admin/User/del?id=27&photo=2017-01-30%2F588f43983284c.gif%2C2017-01-30%2Fthumb_588f43983284c.gif
INFO: [ app_begin ] --START--
INFO: Run Behavior\ReadHtmlCacheBehavior [ RunTime:0.000691s ]
INFO: [ app_begin ] --END-- [ RunTime:0.001205s ]
INFO: [ app_end ] --START--
INFO: Run Behavior\ShowPageTraceBehavior [ RunTime:0.000755s ]
INFO: [ app_end ] --END-- [ RunTime:0.000808s ]

[ 2017-01-30T22:20:50+08:00 ] 127.0.0.1 /index.php/Admin/User/del?id=27&photo=2017-01-30%2F588f43983284c.gif%2C2017-01-30%2Fthumb_588f43983284c.gif
INFO: [ app_begin ] --START--
INFO: Run Behavior\ReadHtmlCacheBehavior [ RunTime:0.000760s ]
INFO: [ app_begin ] --END-- [ RunTime:0.001182s ]
INFO: [ app_end ] --START--
INFO: Run Behavior\ShowPageTraceBehavior [ RunTime:0.000694s ]
INFO: [ app_end ] --END-- [ RunTime:0.000760s ]

[ 2017-01-30T22:39:01+08:00 ] 127.0.0.1 /index.php/Admin/User/del?id=27&photo=2017-01-30%2F588f43983284c.gif%2C2017-01-30%2Fthumb_588f43983284c.gif
INFO: [ app_begin ] --START--
INFO: Run Behavior\ReadHtmlCacheBehavior [ RunTime:0.000774s ]
INFO: [ app_begin ] --END-- [ RunTime:0.001274s ]
INFO: [ app_end ] --START--
INFO: Run Behavior\ShowPageTraceBehavior [ RunTime:0.000726s ]
INFO: [ app_end ] --END-- [ RunTime:0.000773s ]

[ 2017-01-30T22:39:09+08:00 ] 127.0.0.1 /index.php/Admin/User/del?id=27&photo=2017-01-30%2F588f43983284c.gif%2C2017-01-30%2Fthumb_588f43983284c.gif
INFO: [ app_begin ] --START--
INFO: Run Behavior\ReadHtmlCacheBehavior [ RunTime:0.000970s ]
INFO: [ app_begin ] --END-- [ RunTime:0.001552s ]
INFO: [ app_end ] --START--
INFO: Run Behavior\ShowPageTraceBehavior [ RunTime:0.000783s ]
INFO: [ app_end ] --END-- [ RunTime:0.000848s ]

[ 2017-01-30T22:39:38+08:00 ] 127.0.0.1 /index.php/Admin/User/del?id=27&photo=2017-01-30%2F588f43983284c.gif%2C2017-01-30%2Fthumb_588f43983284c.gif
INFO: [ app_begin ] --START--
INFO: Run Behavior\ReadHtmlCacheBehavior [ RunTime:0.000740s ]
INFO: [ app_begin ] --END-- [ RunTime:0.001228s ]
INFO: [ app_end ] --START--
INFO: Run Behavior\ShowPageTraceBehavior [ RunTime:0.000839s ]
INFO: [ app_end ] --END-- [ RunTime:0.000940s ]

[ 2017-01-30T22:51:06+08:00 ] 127.0.0.1 /index.php/Admin/User/del?id=28&photo=2017-01-30%2F588f52d6c4262.gif%2C2017-01-30%2Fthumb_588f52d6c4262.gif
INFO: [ app_begin ] --START--
INFO: Run Behavior\ReadHtmlCacheBehavior [ RunTime:0.000754s ]
INFO: [ app_begin ] --END-- [ RunTime:0.001297s ]
INFO: [ app_end ] --START--
INFO: Run Behavior\ShowPageTraceBehavior [ RunTime:0.001238s ]
INFO: [ app_end ] --END-- [ RunTime:0.001323s ]

[ 2017-01-30T22:58:50+08:00 ] 127.0.0.1 /index.php/Admin/User/del?id=28&photo=2017-01-30%2F588f52d6c4262.gif%2C2017-01-30%2Fthumb_588f52d6c4262.gif
INFO: [ app_begin ] --START--
INFO: Run Behavior\ReadHtmlCacheBehavior [ RunTime:0.000649s ]
INFO: [ app_begin ] --END-- [ RunTime:0.001060s ]
NOTIC: [2] unlink(./Uploads/Photo/2017-01-30/588f52d6c4262.gif): No such file or directory F:\Project\oa\Application\Admin\Controller\UserController.class.php 第 105 行.
NOTIC: [2] unlink(./Uploads/Photo/2017-01-30/thumb_588f52d6c4262.gif): No such file or directory F:\Project\oa\Application\Admin\Controller\UserController.class.php 第 106 行.
SQL: DELETE FROM `oa_user` WHERE `id` = '28' [ RunTime:0.0027s ]
INFO: [ app_end ] --START--
INFO: Run Behavior\ShowPageTraceBehavior [ RunTime:0.002062s ]
INFO: [ app_end ] --END-- [ RunTime:0.002249s ]

[ 2017-01-30T22:58:52+08:00 ] 127.0.0.1 /index.php/Admin/User/del?id=28&photo=2017-01-30%2F588f52d6c4262.gif%2C2017-01-30%2Fthumb_588f52d6c4262.gif
INFO: [ app_begin ] --START--
INFO: Run Behavior\ReadHtmlCacheBehavior [ RunTime:0.000706s ]
INFO: [ app_begin ] --END-- [ RunTime:0.001205s ]
NOTIC: [2] unlink(./Uploads/Photo/2017-01-30/588f52d6c4262.gif): No such file or directory F:\Project\oa\Application\Admin\Controller\UserController.class.php 第 105 行.
NOTIC: [2] unlink(./Uploads/Photo/2017-01-30/thumb_588f52d6c4262.gif): No such file or directory F:\Project\oa\Application\Admin\Controller\UserController.class.php 第 106 行.
SQL: DELETE FROM `oa_user` WHERE `id` = '28' [ RunTime:0.0003s ]
INFO: [ app_end ] --START--
INFO: Run Behavior\ShowPageTraceBehavior [ RunTime:0.000766s ]
INFO: [ app_end ] --END-- [ RunTime:0.000811s ]

[ 2017-01-30T22:59:01+08:00 ] 127.0.0.1 /index.php/Admin/User/del?id=28&photo=2017-01-30%2F588f52d6c4262.gif%2C2017-01-30%2Fthumb_588f52d6c4262.gif
INFO: [ app_begin ] --START--
INFO: Run Behavior\ReadHtmlCacheBehavior [ RunTime:0.000928s ]
INFO: [ app_begin ] --END-- [ RunTime:0.001508s ]
NOTIC: [2] unlink(./Uploads/Photo/2017-01-30/588f52d6c4262.gif): No such file or directory F:\Project\oa\Application\Admin\Controller\UserController.class.php 第 105 行.
NOTIC: [2] unlink(./Uploads/Photo/2017-01-30/thumb_588f52d6c4262.gif): No such file or directory F:\Project\oa\Application\Admin\Controller\UserController.class.php 第 106 行.
SQL: DELETE FROM `oa_user` WHERE `id` = '28' [ RunTime:0.0003s ]
INFO: [ app_end ] --START--
INFO: Run Behavior\ShowPageTraceBehavior [ RunTime:0.001051s ]
INFO: [ app_end ] --END-- [ RunTime:0.001119s ]

[ 2017-01-30T23:00:15+08:00 ] 127.0.0.1 /index.php/Admin/User/del?id=29&photo=2017-01-30%2F588f54f95a4a9.gif%2C2017-01-30%2Fthumb_588f54f95a4a9.gif
INFO: [ app_begin ] --START--
INFO: Run Behavior\ReadHtmlCacheBehavior [ RunTime:0.001768s ]
INFO: [ app_begin ] --END-- [ RunTime:0.002548s ]
SQL: DELETE FROM `oa_user` WHERE `id` = '29' [ RunTime:0.0032s ]
INFO: [ app_end ] --START--
INFO: Run Behavior\ShowPageTraceBehavior [ RunTime:0.000991s ]
INFO: [ app_end ] --END-- [ RunTime:0.001032s ]

[ 2017-01-30T23:01:38+08:00 ] 127.0.0.1 /index.php/Admin/User/del?id=30&photo=2017-01-30%2F588f5549e3a07.gif%2C2017-01-30%2Fthumb_588f5549e3a07.gif
INFO: [ app_begin ] --START--
INFO: Run Behavior\ReadHtmlCacheBehavior [ RunTime:0.000761s ]
INFO: [ app_begin ] --END-- [ RunTime:0.001285s ]
SQL: DELETE FROM `oa_user` WHERE `id` = '30' [ RunTime:0.0022s ]
INFO: [ app_end ] --START--
INFO: Run Behavior\ShowPageTraceBehavior [ RunTime:0.000914s ]
INFO: [ app_end ] --END-- [ RunTime:0.000963s ]

[ 2017-01-30T23:06:46+08:00 ] 127.0.0.1 /index.php/Admin/User/del?id=31&photo=
INFO: [ app_begin ] --START--
INFO: Run Behavior\ReadHtmlCacheBehavior [ RunTime:0.000914s ]
INFO: [ app_begin ] --END-- [ RunTime:0.001637s ]
SQL: DELETE FROM `oa_user` WHERE `id` = '31' [ RunTime:0.0020s ]
INFO: [ app_end ] --START--
INFO: Run Behavior\ShowPageTraceBehavior [ RunTime:0.000835s ]
INFO: [ app_end ] --END-- [ RunTime:0.000888s ]

[ 2017-01-30T23:06:51+08:00 ] 127.0.0.1 /index.php/Admin/User/del?id=34&photo=
INFO: [ app_begin ] --START--
INFO: Run Behavior\ReadHtmlCacheBehavior [ RunTime:0.001012s ]
INFO: [ app_begin ] --END-- [ RunTime:0.001774s ]
SQL: DELETE FROM `oa_user` WHERE `id` = '34' [ RunTime:0.0020s ]
INFO: [ app_end ] --START--
INFO: Run Behavior\ShowPageTraceBehavior [ RunTime:0.000754s ]
INFO: [ app_end ] --END-- [ RunTime:0.000794s ]

[ 2017-01-30T23:08:22+08:00 ] 127.0.0.1 /index.php/Admin/User/del?id=36&photo=
INFO: [ app_begin ] --START--
INFO: Run Behavior\ReadHtmlCacheBehavior [ RunTime:0.000578s ]
INFO: [ app_begin ] --END-- [ RunTime:0.000975s ]
SQL: DELETE FROM `oa_user` WHERE `id` = '36' [ RunTime:0.0022s ]
INFO: [ app_end ] --START--
INFO: Run Behavior\ShowPageTraceBehavior [ RunTime:0.000706s ]
INFO: [ app_end ] --END-- [ RunTime:0.000748s ]

[ 2017-01-30T23:08:24+08:00 ] 127.0.0.1 /index.php/Admin/User/del?id=38&photo=
INFO: [ app_begin ] --START--
INFO: Run Behavior\ReadHtmlCacheBehavior [ RunTime:0.000978s ]
INFO: [ app_begin ] --END-- [ RunTime:0.001704s ]
SQL: DELETE FROM `oa_user` WHERE `id` = '38' [ RunTime:0.0024s ]
INFO: [ app_end ] --START--
INFO: Run Behavior\ShowPageTraceBehavior [ RunTime:0.000839s ]
INFO: [ app_end ] --END-- [ RunTime:0.000884s ]

[ 2017-01-30T23:08:27+08:00 ] 127.0.0.1 /index.php/Admin/User/del?id=40&photo=
INFO: [ app_begin ] --START--
INFO: Run Behavior\ReadHtmlCacheBehavior [ RunTime:0.001078s ]
INFO: [ app_begin ] --END-- [ RunTime:0.001915s ]
SQL: DELETE FROM `oa_user` WHERE `id` = '40' [ RunTime:0.0016s ]
INFO: [ app_end ] --START--
INFO: Run Behavior\ShowPageTraceBehavior [ RunTime:0.000761s ]
INFO: [ app_end ] --END-- [ RunTime:0.000819s ]

[ 2017-01-30T23:09:13+08:00 ] 127.0.0.1 /index.php/Admin/User/del?id=41&photo=
INFO: [ app_begin ] --START--
INFO: Run Behavior\ReadHtmlCacheBehavior [ RunTime:0.000981s ]
INFO: [ app_begin ] --END-- [ RunTime:0.001433s ]
SQL: DELETE FROM `oa_user` WHERE `id` = '41' [ RunTime:0.0018s ]
INFO: [ app_end ] --START--
INFO: Run Behavior\ShowPageTraceBehavior [ RunTime:0.000821s ]
INFO: [ app_end ] --END-- [ RunTime:0.000861s ]

[ 2017-01-30T23:09:16+08:00 ] 127.0.0.1 /index.php/Admin/User/del?id=43&photo=
INFO: [ app_begin ] --START--
INFO: Run Behavior\ReadHtmlCacheBehavior [ RunTime:0.001931s ]
INFO: [ app_begin ] --END-- [ RunTime:0.003980s ]
SQL: DELETE FROM `oa_user` WHERE `id` = '43' [ RunTime:0.0020s ]
INFO: [ app_end ] --START--
INFO: Run Behavior\ShowPageTraceBehavior [ RunTime:0.001007s ]
INFO: [ app_end ] --END-- [ RunTime:0.001061s ]

[ 2017-01-30T23:35:15+08:00 ] 127.0.0.1 /index.php/Admin/User/del?id=35&photo=
INFO: [ app_begin ] --START--
INFO: Run Behavior\ReadHtmlCacheBehavior [ RunTime:0.000877s ]
INFO: [ app_begin ] --END-- [ RunTime:0.001667s ]
SQL: DELETE FROM `oa_user` WHERE `id` = '35' [ RunTime:0.0026s ]
INFO: [ app_end ] --START--
INFO: Run Behavior\ShowPageTraceBehavior [ RunTime:0.000733s ]
INFO: [ app_end ] --END-- [ RunTime:0.000771s ]

[ 2017-01-30T23:35:18+08:00 ] 127.0.0.1 /index.php/Admin/User/del?id=39&photo=
INFO: [ app_begin ] --START--
INFO: Run Behavior\ReadHtmlCacheBehavior [ RunTime:0.000728s ]
INFO: [ app_begin ] --END-- [ RunTime:0.001271s ]
SQL: DELETE FROM `oa_user` WHERE `id` = '39' [ RunTime:0.0019s ]
INFO: [ app_end ] --START--
INFO: Run Behavior\ShowPageTraceBehavior [ RunTime:0.000983s ]
INFO: [ app_end ] --END-- [ RunTime:0.001047s ]

[ 2017-01-30T23:35:20+08:00 ] 127.0.0.1 /index.php/Admin/User/del?id=32&photo=
INFO: [ app_begin ] --START--
INFO: Run Behavior\ReadHtmlCacheBehavior [ RunTime:0.001352s ]
INFO: [ app_begin ] --END-- [ RunTime:0.001971s ]
SQL: DELETE FROM `oa_user` WHERE `id` = '32' [ RunTime:0.0019s ]
INFO: [ app_end ] --START--
INFO: Run Behavior\ShowPageTraceBehavior [ RunTime:0.000734s ]
INFO: [ app_end ] --END-- [ RunTime:0.000778s ]

[ 2017-01-30T23:35:22+08:00 ] 127.0.0.1 /index.php/Admin/User/del?id=33&photo=
INFO: [ app_begin ] --START--
INFO: Run Behavior\ReadHtmlCacheBehavior [ RunTime:0.000847s ]
INFO: [ app_begin ] --END-- [ RunTime:0.001446s ]
SQL: DELETE FROM `oa_user` WHERE `id` = '33' [ RunTime:0.0019s ]
INFO: [ app_end ] --START--
INFO: Run Behavior\ShowPageTraceBehavior [ RunTime:0.000747s ]
INFO: [ app_end ] --END-- [ RunTime:0.000795s ]

[ 2017-01-30T23:35:24+08:00 ] 127.0.0.1 /index.php/Admin/User/del?id=37&photo=
INFO: [ app_begin ] --START--
INFO: Run Behavior\ReadHtmlCacheBehavior [ RunTime:0.000971s ]
INFO: [ app_begin ] --END-- [ RunTime:0.001682s ]
SQL: DELETE FROM `oa_user` WHERE `id` = '37' [ RunTime:0.0018s ]
INFO: [ app_end ] --START--
INFO: Run Behavior\ShowPageTraceBehavior [ RunTime:0.000777s ]
INFO: [ app_end ] --END-- [ RunTime:0.000818s ]

[ 2017-01-30T23:35:26+08:00 ] 127.0.0.1 /index.php/Admin/User/del?id=42&photo=
INFO: [ app_begin ] --START--
INFO: Run Behavior\ReadHtmlCacheBehavior [ RunTime:0.000863s ]
INFO: [ app_begin ] --END-- [ RunTime:0.001372s ]
SQL: DELETE FROM `oa_user` WHERE `id` = '42' [ RunTime:0.0046s ]
INFO: [ app_end ] --START--
INFO: Run Behavior\ShowPageTraceBehavior [ RunTime:0.000750s ]
INFO: [ app_end ] --END-- [ RunTime:0.000787s ]

[ 2017-01-30T23:35:27+08:00 ] 127.0.0.1 /index.php/Admin/User/del?id=44&photo=
INFO: [ app_begin ] --START--
INFO: Run Behavior\ReadHtmlCacheBehavior [ RunTime:0.000816s ]
INFO: [ app_begin ] --END-- [ RunTime:0.001637s ]
SQL: DELETE FROM `oa_user` WHERE `id` = '44' [ RunTime:0.0023s ]
INFO: [ app_end ] --START--
INFO: Run Behavior\ShowPageTraceBehavior [ RunTime:0.000742s ]
INFO: [ app_end ] --END-- [ RunTime:0.000780s ]

